<?xml version="1.0" encoding="UTF-8"?>
<!-- Generated by org.testng.reporters.JUnitReportReporter -->
<testsuite skipped="0" hostname="RAVI-PC" name="com.qa.orangehrm.unitTest.TestDataprovider" tests="4" failures="0" timestamp="22 Jun 2020 19:17:12 GMT" time="1.257" errors="0">
  <testcase name="excelTest1" time="0.074" classname="com.qa.orangehrm.unitTest.TestDataprovider"/>
  <testcase name="configTest1" time="0.003" classname="com.qa.orangehrm.unitTest.TestDataprovider"/>
  <testcase name="configTest" time="0.030" classname="com.qa.orangehrm.unitTest.TestDataprovider"/>
  <testcase name="excelTest" time="1.150" classname="com.qa.orangehrm.unitTest.TestDataprovider"/>
</testsuite> <!-- com.qa.orangehrm.unitTest.TestDataprovider -->
