<?xml version="1.0" encoding="UTF-8"?>
<!-- Generated by org.testng.reporters.JUnitReportReporter -->
<testsuite skipped="0" hostname="RAVI-PC" name="com.qa.orangehrm.testcases.UsersPageTest" tests="4" failures="0" timestamp="26 Jun 2020 08:06:39 GMT" time="19.513" errors="0">
  <testcase name="loginWithAdmin" time="11.438" classname="com.qa.orangehrm.testcases.UsersPageTest"/>
  <testcase name="homepageTest" time="3.917" classname="com.qa.orangehrm.testcases.UsersPageTest"/>
  <testcase name="adminPageTest" time="0.743" classname="com.qa.orangehrm.testcases.UsersPageTest"/>
  <testcase name="logoutFromAdmin" time="3.415" classname="com.qa.orangehrm.testcases.UsersPageTest"/>
</testsuite> <!-- com.qa.orangehrm.testcases.UsersPageTest -->
