<?xml version="1.0" encoding="UTF-8"?>
<!-- Generated by org.testng.reporters.JUnitReportReporter -->
<testsuite skipped="0" hostname="RAVI-PC" name="com.qa.orangehrm.testcases.LoginTest" tests="2" failures="0" timestamp="03 Jul 2020 06:33:19 GMT" time="13.552" errors="0">
  <testcase name="loginWithAdmin" time="10.261" classname="com.qa.orangehrm.testcases.LoginTest"/>
  <testcase name="logoutFromAdmin" time="3.291" classname="com.qa.orangehrm.testcases.LoginTest"/>
</testsuite> <!-- com.qa.orangehrm.testcases.LoginTest -->
