<?xml version="1.0" encoding="UTF-8"?>
<!-- Generated by org.testng.reporters.JUnitReportReporter -->
<testsuite skipped="0" hostname="RAVI-PC" name="com.qa.orangehrm.testcases.LoginTest" tests="2" failures="0" timestamp="26 Jun 2020 08:05:54 GMT" time="13.597" errors="0">
  <testcase name="loginWithAdmin" time="10.405" classname="com.qa.orangehrm.testcases.LoginTest"/>
  <testcase name="logoutFromAdmin" time="3.192" classname="com.qa.orangehrm.testcases.LoginTest"/>
</testsuite> <!-- com.qa.orangehrm.testcases.LoginTest -->
