<?xml version="1.0" encoding="UTF-8"?>
<!-- Generated by org.testng.reporters.JUnitReportReporter -->
<testsuite skipped="0" hostname="RAVI-PC" name="com.qa.orangehrm.testcases.CreateUser" tests="1" failures="0" timestamp="03 Jul 2020 06:35:03 GMT" time="19.270" errors="0">
  <testcase name="createUsers" time="19.270" classname="com.qa.orangehrm.testcases.CreateUser"/>
</testsuite> <!-- com.qa.orangehrm.testcases.CreateUser -->
